Loaded 1 labels
java.io.FileNotFoundException: D:\datasets\hotdog\train\train.txt (The system cannot find the file specified)
Loaded 1 labels
Loaded 498 images
Loaded 1 labels
Loaded 498 images
Loaded 1 labels
Loaded 498 images
------------------------------------------------------------------------------------------------------------------------------------------------
TRAINING NEURAL NETWORK
------------------------------------------------------------------------------------------------------------------------------------------------
Epoch:1, Time:4185ms, TrainError:0.7186782, TrainErrorChange:0.7186782, TrainAccuracy: 0.5
Epoch:2, Time:3817ms, TrainError:0.7053254, TrainErrorChange:-0.013352752, TrainAccuracy: 0.5
Epoch:3, Time:3672ms, TrainError:0.69984627, TrainErrorChange:-0.005479157, TrainAccuracy: 0.5
Epoch:4, Time:3809ms, TrainError:0.6945722, TrainErrorChange:-0.0052740574, TrainAccuracy: 0.5
Epoch:5, Time:3664ms, TrainError:0.68910396, TrainErrorChange:-0.0054682493, TrainAccuracy: 0.50401604
Epoch:6, Time:3808ms, TrainError:0.6837897, TrainErrorChange:-0.0053142905, TrainAccuracy: 0.50803214
Epoch:7, Time:3694ms, TrainError:0.67832583, TrainErrorChange:-0.0054638386, TrainAccuracy: 0.5261044
Epoch:8, Time:3709ms, TrainError:0.6728799, TrainErrorChange:-0.005445957, TrainAccuracy: 0.5562249
Epoch:9, Time:3691ms, TrainError:0.6676562, TrainErrorChange:-0.0052236915, TrainAccuracy: 0.5803213
Epoch:10, Time:3661ms, TrainError:0.6630127, TrainErrorChange:-0.0046435, TrainAccuracy: 0.5943775
Epoch:11, Time:3669ms, TrainError:0.657833, TrainErrorChange:-0.0051797032, TrainAccuracy: 0.6084337
Epoch:12, Time:3662ms, TrainError:0.6528499, TrainErrorChange:-0.0049830675, TrainAccuracy: 0.61044174
Epoch:13, Time:3676ms, TrainError:0.6481978, TrainErrorChange:-0.004652083, TrainAccuracy: 0.6204819
Epoch:14, Time:3649ms, TrainError:0.64444464, TrainErrorChange:-0.0037531853, TrainAccuracy: 0.62249
Epoch:15, Time:3678ms, TrainError:0.6402084, TrainErrorChange:-0.0042362213, TrainAccuracy: 0.62249
Epoch:16, Time:3773ms, TrainError:0.63592964, TrainErrorChange:-0.004278779, TrainAccuracy: 0.62851405
Epoch:17, Time:3676ms, TrainError:0.63110465, TrainErrorChange:-0.004824996, TrainAccuracy: 0.6204819
Epoch:18, Time:3695ms, TrainError:0.6277931, TrainErrorChange:-0.0033115745, TrainAccuracy: 0.6365462
Epoch:19, Time:3752ms, TrainError:0.62129825, TrainErrorChange:-0.00649482, TrainAccuracy: 0.6385542
Epoch:20, Time:3711ms, TrainError:0.6150823, TrainErrorChange:-0.00621593, TrainAccuracy: 0.64056224
Epoch:21, Time:3672ms, TrainError:0.6087814, TrainErrorChange:-0.006300926, TrainAccuracy: 0.6385542
Epoch:22, Time:3859ms, TrainError:0.6069874, TrainErrorChange:-0.0017939806, TrainAccuracy: 0.64056224
Epoch:23, Time:4023ms, TrainError:0.59526277, TrainErrorChange:-0.011724651, TrainAccuracy: 0.6345382
Epoch:24, Time:4149ms, TrainError:0.59468865, TrainErrorChange:-5.7411194E-4, TrainAccuracy: 0.62851405
Epoch:25, Time:4005ms, TrainError:0.59873027, TrainErrorChange:0.004041612, TrainAccuracy: 0.60240966
Epoch:26, Time:3698ms, TrainError:0.58237714, TrainErrorChange:-0.01635313, TrainAccuracy: 0.6365462
Epoch:27, Time:3781ms, TrainError:0.572063, TrainErrorChange:-0.010314107, TrainAccuracy: 0.6064257
Epoch:28, Time:4143ms, TrainError:0.5641811, TrainErrorChange:-0.007881939, TrainAccuracy: 0.6124498
Epoch:29, Time:4243ms, TrainError:0.55224967, TrainErrorChange:-0.011931419, TrainAccuracy: 0.6124498
Epoch:30, Time:4137ms, TrainError:0.5490215, TrainErrorChange:-0.0032281876, TrainAccuracy: 0.6345382
Epoch:31, Time:4103ms, TrainError:0.5394155, TrainErrorChange:-0.009606004, TrainAccuracy: 0.6485944
Epoch:32, Time:3866ms, TrainError:0.5452896, TrainErrorChange:0.0058740973, TrainAccuracy: 0.6526104
Epoch:33, Time:3747ms, TrainError:0.5364548, TrainErrorChange:-0.008834779, TrainAccuracy: 0.6546185
Epoch:34, Time:3676ms, TrainError:0.55665666, TrainErrorChange:0.020201862, TrainAccuracy: 0.6566265
Epoch:35, Time:3666ms, TrainError:0.5395673, TrainErrorChange:-0.017089367, TrainAccuracy: 0.67269075
Epoch:36, Time:3678ms, TrainError:0.51573783, TrainErrorChange:-0.02382946, TrainAccuracy: 0.6485944
Epoch:37, Time:3666ms, TrainError:0.49287978, TrainErrorChange:-0.022858053, TrainAccuracy: 0.6787149
Epoch:38, Time:3679ms, TrainError:0.5000408, TrainErrorChange:0.007161051, TrainAccuracy: 0.6546185
Epoch:39, Time:3679ms, TrainError:0.49265048, TrainErrorChange:-0.00739035, TrainAccuracy: 0.67670685
Epoch:40, Time:3654ms, TrainError:0.48022363, TrainErrorChange:-0.012426853, TrainAccuracy: 0.6184739
Epoch:41, Time:3697ms, TrainError:0.47596014, TrainErrorChange:-0.0042634904, TrainAccuracy: 0.68473893
Epoch:42, Time:3671ms, TrainError:0.44608337, TrainErrorChange:-0.029876769, TrainAccuracy: 0.68875504
Epoch:43, Time:3670ms, TrainError:0.46064088, TrainErrorChange:0.014557511, TrainAccuracy: 0.6927711
Epoch:44, Time:3672ms, TrainError:0.4380742, TrainErrorChange:-0.022566676, TrainAccuracy: 0.6526104
Epoch:45, Time:3676ms, TrainError:0.4925836, TrainErrorChange:0.0545094, TrainAccuracy: 0.54016066
Epoch:46, Time:3681ms, TrainError:0.5712052, TrainErrorChange:0.078621596, TrainAccuracy: 0.67269075
Epoch:47, Time:3714ms, TrainError:0.55208325, TrainErrorChange:-0.019121945, TrainAccuracy: 0.64257026
Epoch:48, Time:3666ms, TrainError:0.5453643, TrainErrorChange:-0.0067189336, TrainAccuracy: 0.55421686
Epoch:49, Time:3680ms, TrainError:0.5714902, TrainErrorChange:0.026125908, TrainAccuracy: 0.5281125
Epoch:50, Time:3682ms, TrainError:0.55389476, TrainErrorChange:-0.01759547, TrainAccuracy: 0.57028115
Epoch:51, Time:3678ms, TrainError:0.56061697, TrainErrorChange:0.006722212, TrainAccuracy: 0.5481928
Epoch:52, Time:3678ms, TrainError:0.56942016, TrainErrorChange:0.008803189, TrainAccuracy: 0.6084337
Epoch:53, Time:3807ms, TrainError:0.55782735, TrainErrorChange:-0.011592805, TrainAccuracy: 0.6626506
Epoch:54, Time:3658ms, TrainError:0.55363965, TrainErrorChange:-0.004187703, TrainAccuracy: 0.6566265
Epoch:55, Time:3656ms, TrainError:0.52332896, TrainErrorChange:-0.03031069, TrainAccuracy: 0.65863454
Epoch:56, Time:3672ms, TrainError:0.55435824, TrainErrorChange:0.031029284, TrainAccuracy: 0.6967871
Epoch:57, Time:3673ms, TrainError:0.51499045, TrainErrorChange:-0.039367795, TrainAccuracy: 0.6686747
Epoch:58, Time:3657ms, TrainError:0.51590383, TrainErrorChange:9.133816E-4, TrainAccuracy: 0.72088355
Epoch:59, Time:3660ms, TrainError:0.49674228, TrainErrorChange:-0.019161552, TrainAccuracy: 0.6485944
Epoch:60, Time:3667ms, TrainError:0.5482249, TrainErrorChange:0.051482648, TrainAccuracy: 0.7008032
Epoch:61, Time:3675ms, TrainError:0.46312994, TrainErrorChange:-0.08509499, TrainAccuracy: 0.7269076
Epoch:62, Time:3661ms, TrainError:0.47798532, TrainErrorChange:0.014855385, TrainAccuracy: 0.59839356
Epoch:63, Time:3690ms, TrainError:0.5030947, TrainErrorChange:0.02510935, TrainAccuracy: 0.6706827
Epoch:64, Time:3676ms, TrainError:0.47613597, TrainErrorChange:-0.026958704, TrainAccuracy: 0.6987952
Epoch:65, Time:3666ms, TrainError:0.5581837, TrainErrorChange:0.08204776, TrainAccuracy: 0.6526104
Epoch:66, Time:3659ms, TrainError:0.5329789, TrainErrorChange:-0.025204837, TrainAccuracy: 0.6646586
Epoch:67, Time:3674ms, TrainError:0.51119286, TrainErrorChange:-0.021786034, TrainAccuracy: 0.6064257
Epoch:68, Time:3675ms, TrainError:0.50096935, TrainErrorChange:-0.010223508, TrainAccuracy: 0.59839356
Epoch:69, Time:3661ms, TrainError:0.48927358, TrainErrorChange:-0.011695772, TrainAccuracy: 0.5943775
Epoch:70, Time:3664ms, TrainError:0.4649688, TrainErrorChange:-0.024304777, TrainAccuracy: 0.68875504
Epoch:71, Time:3688ms, TrainError:0.47797075, TrainErrorChange:0.013001949, TrainAccuracy: 0.6686747
Epoch:72, Time:3750ms, TrainError:0.48097956, TrainErrorChange:0.0030088127, TrainAccuracy: 0.70883536
Epoch:73, Time:3960ms, TrainError:0.44714487, TrainErrorChange:-0.033834696, TrainAccuracy: 0.6947791
Epoch:74, Time:3804ms, TrainError:0.4669935, TrainErrorChange:0.019848645, TrainAccuracy: 0.6646586
Epoch:75, Time:4355ms, TrainError:0.5032247, TrainErrorChange:0.03623116, TrainAccuracy: 0.6485944
Epoch:76, Time:4165ms, TrainError:0.5154412, TrainErrorChange:0.012216508, TrainAccuracy: 0.6064257
Epoch:77, Time:3753ms, TrainError:0.505893, TrainErrorChange:-0.009548187, TrainAccuracy: 0.61044174
Epoch:78, Time:3853ms, TrainError:0.5271594, TrainErrorChange:0.0212664, TrainAccuracy: 0.70481926
Epoch:79, Time:3753ms, TrainError:0.4607599, TrainErrorChange:-0.066399485, TrainAccuracy: 0.6686747
Epoch:80, Time:3835ms, TrainError:0.4768307, TrainErrorChange:0.016070783, TrainAccuracy: 0.71686745
Epoch:81, Time:3979ms, TrainError:0.4948198, TrainErrorChange:0.017989099, TrainAccuracy: 0.5742972
Epoch:82, Time:3932ms, TrainError:0.43577352, TrainErrorChange:-0.05904627, TrainAccuracy: 0.64658636
Epoch:83, Time:4109ms, TrainError:0.46471238, TrainErrorChange:0.02893886, TrainAccuracy: 0.6646586
Epoch:84, Time:3945ms, TrainError:0.45608974, TrainErrorChange:-0.008622646, TrainAccuracy: 0.70883536
Epoch:85, Time:3909ms, TrainError:0.42493558, TrainErrorChange:-0.031154156, TrainAccuracy: 0.65863454
Epoch:86, Time:3851ms, TrainError:0.47453216, TrainErrorChange:0.049596578, TrainAccuracy: 0.7248996
Epoch:87, Time:4004ms, TrainError:0.41532633, TrainErrorChange:-0.05920583, TrainAccuracy: 0.7128514
Epoch:88, Time:3909ms, TrainError:0.44372243, TrainErrorChange:0.0283961, TrainAccuracy: 0.7148594
Epoch:89, Time:3767ms, TrainError:0.48309812, TrainErrorChange:0.039375693, TrainAccuracy: 0.7108434
Epoch:90, Time:3841ms, TrainError:0.44144765, TrainErrorChange:-0.041650474, TrainAccuracy: 0.6646586
Epoch:91, Time:3875ms, TrainError:0.50737983, TrainErrorChange:0.065932184, TrainAccuracy: 0.61646587
Epoch:92, Time:3974ms, TrainError:0.55691624, TrainErrorChange:0.049536407, TrainAccuracy: 0.6485944
Epoch:93, Time:3857ms, TrainError:0.5026182, TrainErrorChange:-0.054298043, TrainAccuracy: 0.59638554
Epoch:94, Time:3785ms, TrainError:0.4791786, TrainErrorChange:-0.023439586, TrainAccuracy: 0.7068273
Epoch:95, Time:3778ms, TrainError:0.513896, TrainErrorChange:0.03471738, TrainAccuracy: 0.6305221
Epoch:96, Time:3907ms, TrainError:0.5570717, TrainErrorChange:0.043175697, TrainAccuracy: 0.6706827
Epoch:97, Time:4004ms, TrainError:0.5338276, TrainErrorChange:-0.023244083, TrainAccuracy: 0.59839356
Epoch:98, Time:4103ms, TrainError:0.5431156, TrainErrorChange:0.009288013, TrainAccuracy: 0.6204819
Epoch:99, Time:3886ms, TrainError:0.5742256, TrainErrorChange:0.031109989, TrainAccuracy: 0.6987952
Epoch:100, Time:3934ms, TrainError:0.5528439, TrainErrorChange:-0.021381676, TrainAccuracy: 0.72088355
Epoch:101, Time:3725ms, TrainError:0.48131981, TrainErrorChange:-0.07152411, TrainAccuracy: 0.5481928
Epoch:102, Time:4072ms, TrainError:0.4888935, TrainErrorChange:0.007573694, TrainAccuracy: 0.6365462
Epoch:103, Time:3796ms, TrainError:0.50904053, TrainErrorChange:0.020147026, TrainAccuracy: 0.67269075
Epoch:104, Time:3811ms, TrainError:0.46994486, TrainErrorChange:-0.03909567, TrainAccuracy: 0.68875504
Epoch:105, Time:3778ms, TrainError:0.52237713, TrainErrorChange:0.05243227, TrainAccuracy: 0.7128514
Epoch:106, Time:3917ms, TrainError:0.48433384, TrainErrorChange:-0.03804329, TrainAccuracy: 0.62650603
Epoch:107, Time:3730ms, TrainError:0.494938, TrainErrorChange:0.010604143, TrainAccuracy: 0.6626506
Epoch:108, Time:3757ms, TrainError:0.4661542, TrainErrorChange:-0.028783798, TrainAccuracy: 0.64056224
Epoch:109, Time:3938ms, TrainError:0.44440567, TrainErrorChange:-0.021748513, TrainAccuracy: 0.5883534
Epoch:110, Time:4196ms, TrainError:0.44313845, TrainErrorChange:-0.0012672246, TrainAccuracy: 0.7128514
Epoch:111, Time:3976ms, TrainError:0.4103252, TrainErrorChange:-0.03281325, TrainAccuracy: 0.7570281
Epoch:112, Time:4182ms, TrainError:0.41179737, TrainErrorChange:0.0014721751, TrainAccuracy: 0.75301206
Epoch:113, Time:3919ms, TrainError:0.45438978, TrainErrorChange:0.042592406, TrainAccuracy: 0.6706827
Epoch:114, Time:4099ms, TrainError:0.44168603, TrainErrorChange:-0.012703747, TrainAccuracy: 0.6546185
Epoch:115, Time:4191ms, TrainError:0.3696579, TrainErrorChange:-0.07202813, TrainAccuracy: 0.6485944
Epoch:116, Time:5238ms, TrainError:0.3615472, TrainErrorChange:-0.008110702, TrainAccuracy: 0.72088355
Epoch:117, Time:4152ms, TrainError:0.39170507, TrainErrorChange:0.030157864, TrainAccuracy: 0.5923695
Epoch:118, Time:4284ms, TrainError:0.37387183, TrainErrorChange:-0.017833233, TrainAccuracy: 0.64257026
Epoch:119, Time:4097ms, TrainError:0.36834908, TrainErrorChange:-0.005522758, TrainAccuracy: 0.7309237
Epoch:120, Time:3907ms, TrainError:0.3639153, TrainErrorChange:-0.004433781, TrainAccuracy: 0.6485944
Epoch:121, Time:4088ms, TrainError:0.5029331, TrainErrorChange:0.13901779, TrainAccuracy: 0.72088355
Epoch:122, Time:4094ms, TrainError:0.44462815, TrainErrorChange:-0.058304936, TrainAccuracy: 0.6706827
Epoch:123, Time:4157ms, TrainError:0.3980927, TrainErrorChange:-0.046535462, TrainAccuracy: 0.7369478
Epoch:124, Time:4339ms, TrainError:0.33599615, TrainErrorChange:-0.062096536, TrainAccuracy: 0.76706827
Epoch:125, Time:4836ms, TrainError:0.33825618, TrainErrorChange:0.0022600293, TrainAccuracy: 0.75301206
Epoch:126, Time:4317ms, TrainError:0.3045179, TrainErrorChange:-0.033738285, TrainAccuracy: 0.7690763
Epoch:127, Time:4276ms, TrainError:0.35327175, TrainErrorChange:0.048753858, TrainAccuracy: 0.6967871
Epoch:128, Time:3921ms, TrainError:0.36316052, TrainErrorChange:0.009888768, TrainAccuracy: 0.7389558
Epoch:129, Time:4013ms, TrainError:0.33580408, TrainErrorChange:-0.027356446, TrainAccuracy: 0.7690763
Epoch:130, Time:4108ms, TrainError:0.31654146, TrainErrorChange:-0.019262612, TrainAccuracy: 0.76506025
Epoch:131, Time:3891ms, TrainError:0.30606633, TrainErrorChange:-0.010475129, TrainAccuracy: 0.79518074
Epoch:132, Time:4104ms, TrainError:0.3023855, TrainErrorChange:-0.0036808252, TrainAccuracy: 0.7610442
Epoch:133, Time:4711ms, TrainError:0.3586881, TrainErrorChange:0.056302577, TrainAccuracy: 0.6927711
Epoch:134, Time:4043ms, TrainError:0.3612999, TrainErrorChange:0.002611816, TrainAccuracy: 0.7811245
Epoch:135, Time:4079ms, TrainError:0.29489475, TrainErrorChange:-0.06640515, TrainAccuracy: 0.7871486
Epoch:136, Time:3941ms, TrainError:0.35471258, TrainErrorChange:0.05981782, TrainAccuracy: 0.7811245
Epoch:137, Time:4074ms, TrainError:0.30554637, TrainErrorChange:-0.049166203, TrainAccuracy: 0.8072289
Epoch:138, Time:4321ms, TrainError:0.33515915, TrainErrorChange:0.02961278, TrainAccuracy: 0.79116464
Epoch:139, Time:4175ms, TrainError:0.33189327, TrainErrorChange:-0.0032658875, TrainAccuracy: 0.7449799
Epoch:140, Time:3774ms, TrainError:0.3323894, TrainErrorChange:4.9614906E-4, TrainAccuracy: 0.6967871
Epoch:141, Time:3934ms, TrainError:0.40738854, TrainErrorChange:0.074999124, TrainAccuracy: 0.82329315
Epoch:142, Time:4250ms, TrainError:0.31451032, TrainErrorChange:-0.09287822, TrainAccuracy: 0.82730925
Epoch:143, Time:4219ms, TrainError:0.25988105, TrainErrorChange:-0.054629266, TrainAccuracy: 0.7871486
Epoch:144, Time:4031ms, TrainError:0.21330875, TrainErrorChange:-0.046572298, TrainAccuracy: 0.8212851
Epoch:145, Time:4063ms, TrainError:0.30703402, TrainErrorChange:0.093725264, TrainAccuracy: 0.81124496
Epoch:146, Time:3897ms, TrainError:0.33772752, TrainErrorChange:0.030693501, TrainAccuracy: 0.75301206
Epoch:147, Time:4112ms, TrainError:0.27639887, TrainErrorChange:-0.06132865, TrainAccuracy: 0.7931727
Epoch:148, Time:4075ms, TrainError:0.42308587, TrainErrorChange:0.146687, TrainAccuracy: 0.76506025
Epoch:149, Time:4018ms, TrainError:0.27035928, TrainErrorChange:-0.15272659, TrainAccuracy: 0.78313255
Epoch:150, Time:3898ms, TrainError:0.2677737, TrainErrorChange:-0.00258559, TrainAccuracy: 0.79116464
Epoch:151, Time:4081ms, TrainError:0.2816777, TrainErrorChange:0.013904005, TrainAccuracy: 0.79518074
Epoch:152, Time:3844ms, TrainError:0.19974045, TrainErrorChange:-0.08193724, TrainAccuracy: 0.85542166
Epoch:153, Time:3882ms, TrainError:0.23623027, TrainErrorChange:0.036489815, TrainAccuracy: 0.7690763
Epoch:154, Time:3828ms, TrainError:0.38353354, TrainErrorChange:0.14730327, TrainAccuracy: 0.82530123
Epoch:155, Time:3961ms, TrainError:0.2746487, TrainErrorChange:-0.10888484, TrainAccuracy: 0.8453815
Epoch:156, Time:4103ms, TrainError:0.22873594, TrainErrorChange:-0.045912758, TrainAccuracy: 0.8293173
Epoch:157, Time:3916ms, TrainError:0.23638591, TrainErrorChange:0.007649973, TrainAccuracy: 0.75100404
Epoch:158, Time:3976ms, TrainError:0.3209814, TrainErrorChange:0.0845955, TrainAccuracy: 0.8172691
Epoch:159, Time:3909ms, TrainError:0.35652798, TrainErrorChange:0.03554657, TrainAccuracy: 0.813253
Epoch:160, Time:4054ms, TrainError:0.24371149, TrainErrorChange:-0.1128165, TrainAccuracy: 0.8072289
Epoch:161, Time:4164ms, TrainError:0.23619299, TrainErrorChange:-0.0075185, TrainAccuracy: 0.8313253
Epoch:162, Time:3869ms, TrainError:0.2261151, TrainErrorChange:-0.010077894, TrainAccuracy: 0.77911645
Epoch:163, Time:3966ms, TrainError:0.24589215, TrainErrorChange:0.01977706, TrainAccuracy: 0.87148595
Epoch:164, Time:4089ms, TrainError:0.20276016, TrainErrorChange:-0.043131992, TrainAccuracy: 0.89759034
Epoch:165, Time:4107ms, TrainError:0.14773284, TrainErrorChange:-0.05502732, TrainAccuracy: 0.88353413
Epoch:166, Time:3733ms, TrainError:0.18292236, TrainErrorChange:0.035189524, TrainAccuracy: 0.8694779
Epoch:167, Time:3755ms, TrainError:0.16605291, TrainErrorChange:-0.016869456, TrainAccuracy: 0.87148595
Epoch:168, Time:3708ms, TrainError:0.13115709, TrainErrorChange:-0.034895822, TrainAccuracy: 0.8995984
Epoch:169, Time:3889ms, TrainError:0.13541815, TrainErrorChange:0.0042610615, TrainAccuracy: 0.91767067
Epoch:170, Time:3957ms, TrainError:0.16807805, TrainErrorChange:0.032659903, TrainAccuracy: 0.9076305
Epoch:171, Time:4040ms, TrainError:0.19243532, TrainErrorChange:0.024357274, TrainAccuracy: 0.8915663
Epoch:172, Time:4006ms, TrainError:0.1362395, TrainErrorChange:-0.056195825, TrainAccuracy: 0.9076305
Epoch:173, Time:4105ms, TrainError:0.16081227, TrainErrorChange:0.024572775, TrainAccuracy: 0.8654618
Epoch:174, Time:3933ms, TrainError:0.17961864, TrainErrorChange:0.018806368, TrainAccuracy: 0.8795181
Epoch:175, Time:3983ms, TrainError:0.2740004, TrainErrorChange:0.094381765, TrainAccuracy: 0.8875502
Epoch:176, Time:3746ms, TrainError:0.24703465, TrainErrorChange:-0.026965752, TrainAccuracy: 0.8815261
Epoch:177, Time:3816ms, TrainError:0.24867685, TrainErrorChange:0.0016421974, TrainAccuracy: 0.935743
Epoch:178, Time:3745ms, TrainError:0.18474077, TrainErrorChange:-0.063936085, TrainAccuracy: 0.8995984
Epoch:179, Time:3724ms, TrainError:0.12469029, TrainErrorChange:-0.06005048, TrainAccuracy: 0.939759
Epoch:180, Time:3966ms, TrainError:0.113575995, TrainErrorChange:-0.011114292, TrainAccuracy: 0.9497992
Epoch:181, Time:3723ms, TrainError:0.11737326, TrainErrorChange:0.003797263, TrainAccuracy: 0.96586347
Epoch:182, Time:3809ms, TrainError:0.12208791, TrainErrorChange:0.004714653, TrainAccuracy: 0.9136546
Epoch:183, Time:3924ms, TrainError:0.07351786, TrainErrorChange:-0.04857005, TrainAccuracy: 0.96184736
Epoch:184, Time:4074ms, TrainError:0.056869965, TrainErrorChange:-0.016647894, TrainAccuracy: 0.9497992
Epoch:185, Time:3905ms, TrainError:0.06770183, TrainErrorChange:0.010831866, TrainAccuracy: 0.875502
Epoch:186, Time:3744ms, TrainError:0.08684534, TrainErrorChange:0.019143507, TrainAccuracy: 0.96385545
Epoch:187, Time:3843ms, TrainError:0.053273685, TrainErrorChange:-0.033571653, TrainAccuracy: 0.9819277
Epoch:188, Time:3822ms, TrainError:0.033661254, TrainErrorChange:-0.019612432, TrainAccuracy: 0.9819277
Epoch:189, Time:3992ms, TrainError:0.02752696, TrainErrorChange:-0.006134294, TrainAccuracy: 0.9819277

TRAINING COMPLETED
Total Training Time: 1102218ms
------------------------------------------------------------------------
