Loaded 1 labels
Loaded 498 images
------------------------------------------------------------------------------------------------------------------------------------------------
TRAINING NEURAL NETWORK
------------------------------------------------------------------------------------------------------------------------------------------------
Epoch:1, Time:4230ms, TrainError:0.7186782, TrainErrorChange:0.7186782, TrainAccuracy: 0.5
Epoch:2, Time:4174ms, TrainError:0.7053254, TrainErrorChange:-0.013352752, TrainAccuracy: 0.5
Epoch:3, Time:3956ms, TrainError:0.69984627, TrainErrorChange:-0.005479157, TrainAccuracy: 0.5
Epoch:4, Time:4070ms, TrainError:0.6945722, TrainErrorChange:-0.0052740574, TrainAccuracy: 0.5
Epoch:5, Time:4552ms, TrainError:0.68910396, TrainErrorChange:-0.0054682493, TrainAccuracy: 0.50401604
Epoch:6, Time:4008ms, TrainError:0.6837897, TrainErrorChange:-0.0053142905, TrainAccuracy: 0.50803214
Epoch:7, Time:3996ms, TrainError:0.67832583, TrainErrorChange:-0.0054638386, TrainAccuracy: 0.5261044
Could not find labels file: C:\Users\Zoran\IdeaProjects\HotDogNotHotDog\images\train\labels.txt
java.io.FileNotFoundException: images\train\labels.txt (The system cannot find the path specified)
	at java.io.FileInputStream.open0(Native Method) ~[?:1.8.0_151]
	at java.io.FileInputStream.open(FileInputStream.java:195) ~[?:1.8.0_151]
	at java.io.FileInputStream.<init>(FileInputStream.java:138) ~[?:1.8.0_151]
	at java.io.FileReader.<init>(FileReader.java:72) ~[?:1.8.0_151]
	at deepnetts.data.ImageSet.loadLabels(ImageSet.java:421) [deepnetts-core-1.13.2.jar:?]
	at javax.visrec.ri.spi.BufferedImageClassifierFactory.onCreate(BufferedImageClassifierFactory.java:53) [visrec-ri-1.0.3.jar:?]
	at javax.visrec.ri.spi.BufferedImageClassifierFactory.create(BufferedImageClassifierFactory.java:36) [visrec-ri-1.0.3.jar:?]
	at javax.visrec.spi.ClassifierFactoryService.createNeuralNetImageClassifier(ClassifierFactoryService.java:54) [visrec-api-1.0.5.jar:?]
	at javax.visrec.ml.classification.NeuralNetImageClassifier$Builder.build(NeuralNetImageClassifier.java:177) [visrec-api-1.0.5.jar:?]
	at hotdog.TrainHotDogClassifier.main(TrainHotDogClassifier.java:39) [classes/:?]
Loaded 1 labels
Loaded 498 images
------------------------------------------------------------------------------------------------------------------------------------------------
TRAINING NEURAL NETWORK
------------------------------------------------------------------------------------------------------------------------------------------------
Epoch:1, Time:3839ms, TrainError:0.7186782, TrainErrorChange:0.7186782, TrainAccuracy: 0.5
Epoch:2, Time:3747ms, TrainError:0.7053254, TrainErrorChange:-0.013352752, TrainAccuracy: 0.5
Epoch:3, Time:3947ms, TrainError:0.69984627, TrainErrorChange:-0.005479157, TrainAccuracy: 0.5
Epoch:4, Time:4047ms, TrainError:0.6945722, TrainErrorChange:-0.0052740574, TrainAccuracy: 0.5
Epoch:5, Time:3694ms, TrainError:0.68910396, TrainErrorChange:-0.0054682493, TrainAccuracy: 0.50401604
Epoch:6, Time:3653ms, TrainError:0.6837897, TrainErrorChange:-0.0053142905, TrainAccuracy: 0.50803214
Epoch:7, Time:3607ms, TrainError:0.67832583, TrainErrorChange:-0.0054638386, TrainAccuracy: 0.5261044
Epoch:8, Time:3634ms, TrainError:0.6728799, TrainErrorChange:-0.005445957, TrainAccuracy: 0.5562249
Epoch:9, Time:3675ms, TrainError:0.6676562, TrainErrorChange:-0.0052236915, TrainAccuracy: 0.5803213
